<?xml version="1.0" encoding="UTF-8"?>
<testng-results ignored="0" total="1" passed="1" failed="0" skipped="0">
  <reporter-output>
    <line>
      <![CDATA[Test reportBengaluru]]>
    </line>
  </reporter-output>
  <suite started-at="2025-11-21T23:42:08 IST" name="Default suite" finished-at="2025-11-21T23:42:08 IST" duration-ms="88">
    <groups>
    </groups>
    <test started-at="2025-11-21T23:42:08 IST" name="Default test" finished-at="2025-11-21T23:42:08 IST" duration-ms="88">
      <class name="day20.Demo1">
        <test-method signature="testA(java.lang.String)[pri:0, instance:day20.Demo1@8f4ea7c]" started-at="2025-11-21T23:42:08 IST" name="testA" finished-at="2025-11-21T23:42:08 IST" duration-ms="15" status="PASS">
          <params>
            <param index="0">
              <value>
                <![CDATA[Bengaluru]]>
              </value>
            </param>
          </params>
          <reporter-output>
            <line>
              <![CDATA[Test reportBengaluru]]>
            </line>
          </reporter-output>
        </test-method> <!-- testA -->
      </class> <!-- day20.Demo1 -->
    </test> <!-- Default test -->
  </suite> <!-- Default suite -->
</testng-results>
