<?xml version="1.0" encoding="UTF-8"?>
<!-- Generated by org.testng.reporters.JUnitReportReporter -->
<testsuite hostname="DESKTOP-D475RQ6" failures="0" tests="1" name="day20.Demo1" time="0.015" errors="0" timestamp="2025-11-21T23:42:08 IST" skipped="0">
  <testcase classname="day20.Demo1" name="testA" time="0.015">
    <system-out>
      <![CDATA[Test reportBengaluru]]>
    </system-out>
  </testcase> <!-- testA -->
  <system-out>
    <![CDATA[Test reportBengaluru]]>
  </system-out>
</testsuite> <!-- day20.Demo1 -->
